

HI-TECH Software PIC Macro Assembler V9.81 build 7503 
                                                                                                           Sat Nov 23 17:35:28 2024


     1                           
     2                           	; HI-TECH C Compiler for PIC10/12/16 MCUs V9.81
     3                           	; Copyright (C) 1984-2010 HI-TECH Software
     4                           
     5                           	; Auto-generated runtime startup code for final link stage.
     6                           
     7                           	;
     8                           	; Compiler options:
     9                           	;
    10                           	; C:\Users\Joaco\Desktop\STR\Practica1\P1EJ2\P1EJ2.c \
    11                           	; -OC:\Users\Joaco\Desktop\STR\Practica1\P1EJ2\P1EJ2.COF --chip=16f84a
    12                           	;
    13                           
    14                           
    15                           	processor	16F84A
    16                           
    17                           	global	_main,start,_exit,reset_vec
    18                           	fnroot	_main
    19                           	psect	config,class=CONFIG,delta=2
    20                           	psect	idloc,class=IDLOC,delta=2
    21                           	psect	code,class=CODE,delta=2
    22                           	psect	powerup,class=CODE,delta=2
    23                           	psect	reset_vec,class=CODE,delta=2
    24                           	psect	maintext,class=CODE,delta=2
    25  0000                     	C	set	0
    26  0002                     	Z	set	2
    27  0002                     	PCL	set	2
    28  0000                     	INDF	set	0
    29                           
    30  0003                     	STATUS	equ	3
    31  000A                     	PCLATH	equ	0Ah
    32                           
    33                           	psect	eeprom_data,class=EEDATA,delta=2,space=2
    34                           	psect	intentry,class=CODE,delta=2
    35                           	psect	functab,class=CODE,delta=2
    36                           	global	intlevel0,intlevel1,intlevel2, intlevel3, intlevel4, intlevel5
    37  0000                     intlevel0:
    38  0000                     intlevel1:
    39  0000                     intlevel2:
    40  0000                     intlevel3:
    41  0000                     intlevel4:
    42  0000                     intlevel5:
    43                           	psect	init,class=CODE,delta=2
    44                           	psect	cinit,class=CODE,delta=2
    45                           	psect	text,class=CODE,delta=2
    46                           	psect	end_init,class=CODE,delta=2
    47                           	psect	clrtext,class=CODE,delta=2
    48  0004                     	FSR	set	4
    49                           	psect	strings,class=CODE,delta=2,reloc=256
    50                           
    51                           	psect	reset_vec
    52  0000                     reset_vec:
    53                           	; No powerup routine
    54                           	global start
    55                           
    56                           ; jump to start
    57  0000  280F               	goto	start & 0x7FF | (reset_vec & not 0x7FF)
    58                           
    59                           
    60                           
    61                           	psect	init
    62  000F                     start
    63  000F                     _exit
    64                           	psect	end_init
    65                           	global start_initialization
    66  000F  2873               	ljmp start_initialization	;jump to C runtime clear & initialization


HI-TECH Software PICC Macro Assembler V9.81 build 7503 
Symbol Table                                                                                               Sat Nov 23 17:35:28 2024

               _main 0010                 _exit 000F                 start 000F  start_initialization 0073  
           intlevel0 0000             intlevel1 0000             intlevel2 0000             intlevel3 0000  
           intlevel4 0000             intlevel5 0000             reset_vec 0000  
