Flow report for DetMagRel
Mon Apr 17 11:19:48 2023
Quartus II 64-Bit Version 13.1.0 Build 162 10/23/2013 SJ Web Edition


---------------------
; Table of Contents ;
---------------------
  1. Legal Notice
  2. Flow Summary
  3. Flow Settings
  4. Flow Non-Default Global Settings
  5. Flow Elapsed Time
  6. Flow OS Summary
  7. Flow Log
  8. Flow Messages
  9. Flow Suppressed Messages



----------------
; Legal Notice ;
----------------
Copyright (C) 1991-2013 Altera Corporation
Your use of Altera Corporation's design tools, logic functions 
and other software and tools, and its AMPP partner logic 
functions, and any output files from any of the foregoing 
(including device programming or simulation files), and any 
associated documentation or information are expressly subject 
to the terms and conditions of the Altera Program License 
Subscription Agreement, Altera MegaCore Function License 
Agreement, or other applicable license agreement, including, 
without limitation, that your use is for the sole purpose of 
programming logic devices manufactured by Altera and sold by 
Altera or its authorized distributors.  Please refer to the 
applicable agreement for further details.



+---------------------------------------------------------------------------------+
; Flow Summary                                                                    ;
+------------------------------------+--------------------------------------------+
; Flow Status                        ; Successful - Mon Apr 17 11:19:48 2023      ;
; Quartus II 64-Bit Version          ; 13.1.0 Build 162 10/23/2013 SJ Web Edition ;
; Revision Name                      ; DetMagRel                                  ;
; Top-level Entity Name              ; DetMagRel3bit                              ;
; Family                             ; Cyclone IV GX                              ;
; Total logic elements               ; 5 / 14,400 ( < 1 % )                       ;
;     Total combinational functions  ; 5 / 14,400 ( < 1 % )                       ;
;     Dedicated logic registers      ; 0 / 14,400 ( 0 % )                         ;
; Total registers                    ; 0                                          ;
; Total pins                         ; 9 / 81 ( 11 % )                            ;
; Total virtual pins                 ; 0                                          ;
; Total memory bits                  ; 0 / 552,960 ( 0 % )                        ;
; Embedded Multiplier 9-bit elements ; 0                                          ;
; Total GXB Receiver Channel PCS     ; 0 / 2 ( 0 % )                              ;
; Total GXB Receiver Channel PMA     ; 0 / 2 ( 0 % )                              ;
; Total GXB Transmitter Channel PCS  ; 0 / 2 ( 0 % )                              ;
; Total GXB Transmitter Channel PMA  ; 0 / 2 ( 0 % )                              ;
; Total PLLs                         ; 0 / 3 ( 0 % )                              ;
; Device                             ; EP4CGX15BF14C6                             ;
; Timing Models                      ; Final                                      ;
+------------------------------------+--------------------------------------------+


+-----------------------------------------+
; Flow Settings                           ;
+-------------------+---------------------+
; Option            ; Setting             ;
+-------------------+---------------------+
; Start date & time ; 04/17/2023 11:10:07 ;
; Main task         ; Compilation         ;
; Revision Name     ; DetMagRel           ;
+-------------------+---------------------+


+--------------------------------------------------------------------------------------------------------------------------------------------+
; Flow Non-Default Global Settings                                                                                                           ;
+-------------------------------------+-----------------------------------------------------+---------------+---------------+----------------+
; Assignment Name                     ; Value                                               ; Default Value ; Entity Name   ; Section Id     ;
+-------------------------------------+-----------------------------------------------------+---------------+---------------+----------------+
; COMPILER_SIGNATURE_ID               ; 136935934520074.168174060718020                     ; --            ; --            ; --             ;
; EDA_GENERATE_FUNCTIONAL_NETLIST     ; On                                                  ; --            ; --            ; eda_simulation ;
; EDA_NETLIST_WRITER_OUTPUT_DIR       ; C:/Users/Joaco/Desktop/IDL/Quartus/simulation/qsim/ ; --            ; --            ; eda_simulation ;
; EDA_OUTPUT_DATA_FORMAT              ; Verilog Hdl                                         ; --            ; --            ; eda_simulation ;
; EDA_SIMULATION_TOOL                 ; ModelSim-Altera (Verilog)                           ; <None>        ; --            ; --             ;
; EDA_TIME_SCALE                      ; 1 ps                                                ; --            ; --            ; eda_simulation ;
; PARTITION_COLOR                     ; 16764057                                            ; --            ; DetMagRel3bit ; Top            ;
; PARTITION_FITTER_PRESERVATION_LEVEL ; PLACEMENT_AND_ROUTING                               ; --            ; DetMagRel3bit ; Top            ;
; PARTITION_NETLIST_TYPE              ; SOURCE                                              ; --            ; DetMagRel3bit ; Top            ;
; PROJECT_OUTPUT_DIRECTORY            ; output_files                                        ; --            ; --            ; --             ;
; TOP_LEVEL_ENTITY                    ; DetMagRel3bit                                       ; DetMagRel     ; --            ; --             ;
+-------------------------------------+-----------------------------------------------------+---------------+---------------+----------------+


+-------------------------------------------------------------------------------------------------------------------------------+
; Flow Elapsed Time                                                                                                             ;
+---------------------------+--------------+-------------------------+---------------------+------------------------------------+
; Module Name               ; Elapsed Time ; Average Processors Used ; Peak Virtual Memory ; Total CPU Time (on all processors) ;
+---------------------------+--------------+-------------------------+---------------------+------------------------------------+
; Analysis & Synthesis      ; 00:00:02     ; 1.0                     ; 4658 MB             ; 00:00:01                           ;
; Fitter                    ; 00:00:04     ; 1.0                     ; 5019 MB             ; 00:00:04                           ;
; Assembler                 ; 00:00:01     ; 1.0                     ; 4625 MB             ; 00:00:01                           ;
; TimeQuest Timing Analyzer ; 00:00:02     ; 1.0                     ; 4635 MB             ; 00:00:02                           ;
; EDA Netlist Writer        ; 00:00:00     ; 1.0                     ; 4576 MB             ; 00:00:00                           ;
; EDA Netlist Writer        ; 00:00:01     ; 1.0                     ; 4588 MB             ; 00:00:00                           ;
; EDA Netlist Writer        ; 00:00:01     ; 1.0                     ; 4588 MB             ; 00:00:00                           ;
; EDA Netlist Writer        ; 00:00:00     ; 1.0                     ; 4588 MB             ; 00:00:00                           ;
; EDA Netlist Writer        ; 00:00:00     ; 1.0                     ; 4588 MB             ; 00:00:00                           ;
; EDA Netlist Writer        ; 00:00:00     ; 1.0                     ; 4588 MB             ; 00:00:00                           ;
; EDA Netlist Writer        ; 00:00:00     ; 1.0                     ; 4588 MB             ; 00:00:01                           ;
; Total                     ; 00:00:11     ; --                      ; --                  ; 00:00:09                           ;
+---------------------------+--------------+-------------------------+---------------------+------------------------------------+


+----------------------------------------------------------------------------------------+
; Flow OS Summary                                                                        ;
+---------------------------+------------------+-----------+------------+----------------+
; Module Name               ; Machine Hostname ; OS Name   ; OS Version ; Processor type ;
+---------------------------+------------------+-----------+------------+----------------+
; Analysis & Synthesis      ; DESKTOP-KCBD17H  ; Windows 7 ; 6.2        ; x86_64         ;
; Fitter                    ; DESKTOP-KCBD17H  ; Windows 7 ; 6.2        ; x86_64         ;
; Assembler                 ; DESKTOP-KCBD17H  ; Windows 7 ; 6.2        ; x86_64         ;
; TimeQuest Timing Analyzer ; DESKTOP-KCBD17H  ; Windows 7 ; 6.2        ; x86_64         ;
; EDA Netlist Writer        ; DESKTOP-KCBD17H  ; Windows 7 ; 6.2        ; x86_64         ;
; EDA Netlist Writer        ; DESKTOP-KCBD17H  ; Windows 7 ; 6.2        ; x86_64         ;
; EDA Netlist Writer        ; DESKTOP-KCBD17H  ; Windows 7 ; 6.2        ; x86_64         ;
; EDA Netlist Writer        ; DESKTOP-KCBD17H  ; Windows 7 ; 6.2        ; x86_64         ;
; EDA Netlist Writer        ; DESKTOP-KCBD17H  ; Windows 7 ; 6.2        ; x86_64         ;
; EDA Netlist Writer        ; DESKTOP-KCBD17H  ; Windows 7 ; 6.2        ; x86_64         ;
; EDA Netlist Writer        ; DESKTOP-KCBD17H  ; Windows 7 ; 6.2        ; x86_64         ;
+---------------------------+------------------+-----------+------------+----------------+


------------
; Flow Log ;
------------
quartus_map --read_settings_files=on --write_settings_files=off DetMagRel -c DetMagRel
quartus_fit --read_settings_files=off --write_settings_files=off DetMagRel -c DetMagRel
quartus_asm --read_settings_files=off --write_settings_files=off DetMagRel -c DetMagRel
quartus_sta DetMagRel -c DetMagRel
quartus_eda --read_settings_files=off --write_settings_files=off DetMagRel -c DetMagRel
quartus_eda --gen_testbench --check_outputs=on --tool=modelsim_oem --format=verilog DetMagRel -c DetMagRel --vector_source=C:/Users/Joaco/Desktop/IDL/Quartus/Waveform1.vwf --testbench_file=C:/Users/Joaco/Desktop/IDL/Quartus/simulation/qsim/Waveform1.vwf.vt
quartus_eda --functional=on --flatten_buses=off --simulation=on --tool=modelsim_oem --format=verilog --output_directory=C:/Users/Joaco/Desktop/IDL/Quartus/simulation/qsim/ DetMagRel -c DetMagRel
quartus_eda --gen_testbench --check_outputs=on --tool=modelsim_oem --format=verilog DetMagRel -c DetMagRel --vector_source=C:/Users/Joaco/Desktop/IDL/Quartus/Waveform1.vwf --testbench_file=C:/Users/Joaco/Desktop/IDL/Quartus/simulation/qsim/Waveform1.vwf.vt
quartus_eda --functional=on --flatten_buses=off --simulation=on --tool=modelsim_oem --format=verilog --output_directory=C:/Users/Joaco/Desktop/IDL/Quartus/simulation/qsim/ DetMagRel -c DetMagRel
quartus_eda --gen_testbench --check_outputs=on --tool=modelsim_oem --format=verilog DetMagRel -c DetMagRel --vector_source=C:/Users/Joaco/Desktop/IDL/Quartus/Waveform1.vwf --testbench_file=C:/Users/Joaco/Desktop/IDL/Quartus/simulation/qsim/Waveform1.vwf.vt
quartus_eda --functional=on --flatten_buses=off --simulation=on --tool=modelsim_oem --format=verilog --output_directory=C:/Users/Joaco/Desktop/IDL/Quartus/simulation/qsim/ DetMagRel -c DetMagRel



