
								página: 1 

 Listado Fuente: EJ10.LST
 Programa Fuente en: EJ10.ASM
 Fecha: Wed Apr 20 12:59:21 2022

  Dir. Codigo maquina	 Linea 	 Codigo en lenguaje ensamble

			      1	PIC 	EQU 	20H
			      2	EOI 	EQU 	20H
			      3	N_F10 	EQU 	10
			      4		ORG 	40
 0028 00 30		      5	IP_F10 	DW 	RUT_F10
			      6		ORG 	2000H
 2000 FA		      7		CLI
 2001 B0 FE		      8		MOV 	AL, 0FEH
 2003 E6 21		      9		OUT 	PIC+1, AL ; PIC: registro IMR
 2005 B0 0A		     10		MOV 	AL, N_F10
 2007 E6 24		     11		OUT 	PIC+4, AL ; PIC: registro INT0
 2009 BA 00 00		     12		MOV 	DX, 0
 200C FB		     13		STI
 200D E9 0D 20		     14	LAZO: 	JMP 	LAZO
			     15		ORG 	3000H
 3000 50		     16	RUT_F10:PUSH 	AX
 3001 FF C2		     17		INC 	DX
 3003 B0 20		     18		MOV 	AL, EOI
 3005 E6 20		     19		OUT 	EOI, AL ; PIC: registro EOI
 3007 58		     20		POP 	AX
 3008 CF		     21		IRET
			     22		END


 S I M B O L O S:

 Nombre:	Tipo:		Valor:

 PIC     	Constante	  20h
 EOI     	Constante	  20h
 N_F10   	Constante	   Ah
 IP_F10  	Mem. Word	  28h	No usado
 LAZO    	Etiqueta	200Dh
 RUT_F10 	Etiqueta	3000h