
								página: 1 

 Listado Fuente: EJ13.LST
 Programa Fuente en: EJ13.ASM
 Fecha: Wed Apr 20 15:14:56 2022

  Dir. Codigo maquina	 Linea 	 Codigo en lenguaje ensamble

			      1	TIMER 	EQU 	10H
			      2	PIC 	EQU 	20H
			      3	EOI 	EQU 	20H
			      4	N_CLK 	EQU 	10
			      5	
			      6		ORG 	40
 0028 00 30		      7	IP_CLK 	DW 	RUT_CLK
			      8	
			      9		ORG 	1000H
 1000 30		     10	MIN	DB 	30H
 1001 30		     11		DB 	30H
 1002 3A		     12		DB	3AH
 1003 30		     13	SEG 	DB 	30H
 1004 30		     14		DB 	30H
 1005 30		     15	FIN 	DB 	?
			     16	
			     17		ORG 	3000H
 3000 50		     18	RUT_CLK:PUSH 	AX
 3001 FE 06 04 10	     19		INC 	SEG+1
 3005 80 3E 04 10 3A	     20		CMP 	SEG+1, 3AH
 300A 75 35		     21		JNZ 	RESET
 300C C6 06 04 10 30	     22		MOV 	SEG+1, 30H
 3011 FE 06 03 10	     23		INC 	SEG
 3015 80 3E 03 10 36	     24		CMP 	SEG, 36H
 301A 75 25		     25		JNZ 	RESET
 301C C6 06 03 10 30	     26		MOV 	SEG, 30H
 3021 FE 06 01 10	     27		INC	MIN+1
 3025 80 3E 01 10 3A	     28		CMP 	MIN+1, 3AH
 302A 75 15		     29		JNZ 	RESET
 302C C6 06 01 10 30	     30		MOV 	MIN+1, 30H
 3031 FE 06 00 10	     31		INC 	MIN
 3035 80 3E 00 10 36	     32		CMP 	MIN, 36H
 303A 75 05		     33		JNZ 	RESET
 303C C6 06 00 10 30	     34		MOV 	MIN, 30H
 3041 80 3E 04 10 30	     35	RESET:  CMP	SEG+1, 30H
 3046 75 02		     36		JNZ	IMP
 3048 CD 07		     37		INT	7
 304A B0 00		     38	IMP:	MOV 	AL, 0
 304C E6 10		     39		OUT 	TIMER, AL
 304E B0 20		     40		MOV 	AL, EOI
 3050 E6 20		     41		OUT 	PIC, AL
 3052 58		     42		POP 	AX
 3053 CF		     43		IRET
			     44	
			     45		ORG 	2000H
 2000 FA		     46		CLI
 2001 B0 FD		     47		MOV 	AL, 0FDH
 2003 E6 21		     48		OUT 	PIC+1, AL ; PIC: registro IMR
 2005 B0 0A		     49		MOV 	AL, N_CLK
 2007 E6 25		     50		OUT 	PIC+5, AL ; PIC: registro INT1
 2009 B0 01		     51		MOV 	AL, 1
 200B E6 11		     52		OUT 	TIMER+1, AL ; TIMER: registro C
				OMP
 200D B0 00		     53		MOV 	AL, 0
 200F E6 10		     54		OUT 	TIMER, AL ; TIMER: registro CON



								página: 2 

				T
 2011 BB 00 10		     55		MOV 	BX, OFFSET MIN
 2014 B0 05		     56		MOV 	AL, OFFSET FIN-OFFSET MIN
 2016 FB		     57		STI
 2017 E9 17 20		     58	LAZO: 	JMP 	LAZO
			     59		END


 S I M B O L O S:

 Nombre:	Tipo:		Valor:

 TIMER   	Constante	  10h
 PIC     	Constante	  20h
 EOI     	Constante	  20h
 N_CLK   	Constante	   Ah
 IP_CLK  	Mem. Word	  28h	No usado
 MIN     	Mem. Byte	1000h
 SEG     	Mem. Byte	1003h
 FIN     	Mem. Byte	1005h
 RUT_CLK 	Etiqueta	3000h
 RESET   	Etiqueta	3041h
 IMP     	Etiqueta	304Ah
 LAZO    	Etiqueta	2017h