
								página: 1 

 Listado Fuente: EJ15.LST
 Programa Fuente en: EJ15.ASM
 Fecha: Fri Apr 22 13:41:10 2022

  Dir. Codigo maquina	 Linea 	 Codigo en lenguaje ensamble

			      1	TIMER 	EQU 	10H
			      2	PIC 	EQU 	20H
			      3	EOI 	EQU 	20H
			      4	N_CLK 	EQU 	10
			      5		ORG 	40
 0028 00 30		      6	IP_CLK 	DW 	RUT_CLK
			      7		ORG 	1000H
 1000 32		      8	SEG 	DB 	32H
 1001 38		      9		DB 	38H
 1002 38		     10	FIN 	DB 	?
 1003 49 4E 47 52 45 53	     11	MSJ 	DB 	"INGRESE UN NUMERO:"
 1009 45 20 55 4E 20 4E
 100F 55 4D 45 52 4F 3A
 1015 49		     12	FIN_MS 	DB 	?
			     13		ORG 	3000H
 3000 50		     14	RUT_CLK:PUSH 	AX
 3001 FE 0E 01 10	     15		DEC 	SEG+1
 3005 80 3E 01 10 2F	     16		CMP 	SEG+1, 2FH
 300A 75 1C		     17		JNZ 	RESET
 300C C6 06 01 10 39	     18		MOV 	SEG+1, 39H
 3011 FE 0E 00 10	     19		DEC 	SEG
 3015 80 3E 00 10 2F	     20		CMP 	SEG, 2FH
 301A 75 0C		     21		JNZ 	RESET
 301C E4 21		     22		IN	AL, PIC+1
 301E 80 C8 02		     23		OR	AL, 2
 3021 E6 21		     24		OUT	PIC+1, AL
 3023 B2 FF		     25		MOV	DL, 0FFH
 3025 E9 2A 30		     26		JMP	FIN_C
 3028 CD 07		     27	RESET: 	INT 	7
 302A B0 00		     28	FIN_C:	MOV 	AL, 0
 302C E6 10		     29		OUT 	TIMER, AL
 302E B0 20		     30		MOV 	AL, EOI
 3030 E6 20		     31		OUT 	PIC, AL
 3032 58		     32		POP 	AX
 3033 CF		     33		IRET
			     34		ORG 	2000H
 2000 FA		     35		CLI
 2001 B0 FD		     36		MOV 	AL, 0FDH
 2003 E6 21		     37		OUT 	PIC+1, AL ; PIC: registro IMR
 2005 B0 0A		     38		MOV 	AL, N_CLK
 2007 E6 25		     39		OUT 	PIC+5, AL ; PIC: registro INT1
 2009 B0 01		     40		MOV 	AL, 1
 200B E6 11		     41		OUT 	TIMER+1, AL ; TIMER: registro C
				OMP
 200D B0 00		     42		MOV 	AL, 0
 200F E6 10		     43		OUT 	TIMER, AL ; TIMER: registro CON
				T
 2011 BB 03 10		     44		MOV 	BX, OFFSET MSJ
 2014 B0 12		     45		MOV 	AL, OFFSET FIN_MS-OFFSET MSJ
 2016 CD 07		     46		INT 	7
 2018 BB 00 10		     47		MOV 	BX, OFFSET SEG
 201B CD 06		     48		INT 	6
 201D FF C3		     49		INC	BX
 201F CD 06		     50		INT 	6
 2021 FF CB		     51		DEC 	BX



								página: 2 

 2023 B0 02		     52		MOV 	AL, OFFSET FIN-OFFSET SEG
 2025 CD 07		     53		INT 	7
 2027 B2 00		     54		MOV	DL, 00H
 2029 FB		     55		STI
 202A 80 FA 00		     56	LAZO: 	CMP	DL, 00H
 202D 74 FB		     57		JZ 	LAZO
 202F F4		     58		HLT
			     59		END


 S I M B O L O S:

 Nombre:	Tipo:		Valor:

 TIMER   	Constante	  10h
 PIC     	Constante	  20h
 EOI     	Constante	  20h
 N_CLK   	Constante	   Ah
 IP_CLK  	Mem. Word	  28h	No usado
 SEG     	Mem. Byte	1000h
 FIN     	Mem. Byte	1002h
 MSJ     	Mem. Byte	1003h
 FIN_MS  	Mem. Byte	1015h
 RUT_CLK 	Etiqueta	3000h
 RESET   	Etiqueta	3028h
 FIN_C   	Etiqueta	302Ah
 LAZO    	Etiqueta	202Ah