
								página: 1 

 Listado Fuente: EJ1.LST
 Programa Fuente en: EJ1.ASM
 Fecha: Fri Apr 22 14:35:53 2022

  Dir. Codigo maquina	 Linea 	 Codigo en lenguaje ensamble

			      1	PA 	EQU 	30H
			      2	PB 	EQU 	31H
			      3	CA 	EQU 	32H
			      4	CB 	EQU 	33H
			      5		ORG 	2000H
 2000 B0 F0		      6		MOV 	AL, 0F0H ; PA entradas (Microco
				nmutadores)
 2002 E6 32		      7		OUT 	CA, AL
 2004 B0 00		      8		MOV 	AL, 0 ; PB salidas (Luces)
 2006 E6 33		      9		OUT 	CB, AL
 2008 E4 30		     10	POLL: 	IN 	AL, PA
 200A E6 31		     11		OUT 	PB, AL
 200C E9 08 20		     12		JMP 	POLL
			     13		END


 S I M B O L O S:

 Nombre:	Tipo:		Valor:

 PA      	Constante	  30h
 PB      	Constante	  31h
 CA      	Constante	  32h
 CB      	Constante	  33h
 POLL    	Etiqueta	2008h