Analysis & Synthesis report for Proyecto4
Mon Jul 03 11:36:21 2023
Quartus II 64-Bit Version 13.1.0 Build 162 10/23/2013 SJ Web Edition


---------------------
; Table of Contents ;
---------------------
  1. Legal Notice
  2. Analysis & Synthesis Summary
  3. Analysis & Synthesis Settings
  4. Parallel Compilation
  5. Analysis & Synthesis Source Files Read
  6. Analysis & Synthesis Resource Usage Summary
  7. Analysis & Synthesis Resource Utilization by Entity
  8. General Register Statistics
  9. Elapsed Time Per Partition
 10. Analysis & Synthesis Messages



----------------
; Legal Notice ;
----------------
Copyright (C) 1991-2013 Altera Corporation
Your use of Altera Corporation's design tools, logic functions 
and other software and tools, and its AMPP partner logic 
functions, and any output files from any of the foregoing 
(including device programming or simulation files), and any 
associated documentation or information are expressly subject 
to the terms and conditions of the Altera Program License 
Subscription Agreement, Altera MegaCore Function License 
Agreement, or other applicable license agreement, including, 
without limitation, that your use is for the sole purpose of 
programming logic devices manufactured by Altera and sold by 
Altera or its authorized distributors.  Please refer to the 
applicable agreement for further details.



+---------------------------------------------------------------------------------+
; Analysis & Synthesis Summary                                                    ;
+------------------------------------+--------------------------------------------+
; Analysis & Synthesis Status        ; Successful - Mon Jul 03 11:36:21 2023      ;
; Quartus II 64-Bit Version          ; 13.1.0 Build 162 10/23/2013 SJ Web Edition ;
; Revision Name                      ; Proyecto4                                  ;
; Top-level Entity Name              ; MaquinaMoore                               ;
; Family                             ; Cyclone IV GX                              ;
; Total logic elements               ; 14                                         ;
;     Total combinational functions  ; 12                                         ;
;     Dedicated logic registers      ; 4                                          ;
; Total registers                    ; 4                                          ;
; Total pins                         ; 12                                         ;
; Total virtual pins                 ; 0                                          ;
; Total memory bits                  ; 0                                          ;
; Embedded Multiplier 9-bit elements ; 0                                          ;
; Total GXB Receiver Channel PCS     ; 0                                          ;
; Total GXB Receiver Channel PMA     ; 0                                          ;
; Total GXB Transmitter Channel PCS  ; 0                                          ;
; Total GXB Transmitter Channel PMA  ; 0                                          ;
; Total PLLs                         ; 0                                          ;
+------------------------------------+--------------------------------------------+


+----------------------------------------------------------------------------------------------------------------------+
; Analysis & Synthesis Settings                                                                                        ;
+----------------------------------------------------------------------------+--------------------+--------------------+
; Option                                                                     ; Setting            ; Default Value      ;
+----------------------------------------------------------------------------+--------------------+--------------------+
; Top-level entity name                                                      ; MaquinaMoore       ; Proyecto4          ;
; Family name                                                                ; Cyclone IV GX      ; Cyclone IV GX      ;
; Use smart compilation                                                      ; Off                ; Off                ;
; Enable parallel Assembler and TimeQuest Timing Analyzer during compilation ; On                 ; On                 ;
; Enable compact report table                                                ; Off                ; Off                ;
; Restructure Multiplexers                                                   ; Auto               ; Auto               ;
; Create Debugging Nodes for IP Cores                                        ; Off                ; Off                ;
; Preserve fewer node names                                                  ; On                 ; On                 ;
; Disable OpenCore Plus hardware evaluation                                  ; Off                ; Off                ;
; Verilog Version                                                            ; Verilog_2001       ; Verilog_2001       ;
; VHDL Version                                                               ; VHDL_1993          ; VHDL_1993          ;
; State Machine Processing                                                   ; Auto               ; Auto               ;
; Safe State Machine                                                         ; Off                ; Off                ;
; Extract Verilog State Machines                                             ; On                 ; On                 ;
; Extract VHDL State Machines                                                ; On                 ; On                 ;
; Ignore Verilog initial constructs                                          ; Off                ; Off                ;
; Iteration limit for constant Verilog loops                                 ; 5000               ; 5000               ;
; Iteration limit for non-constant Verilog loops                             ; 250                ; 250                ;
; Add Pass-Through Logic to Inferred RAMs                                    ; On                 ; On                 ;
; Infer RAMs from Raw Logic                                                  ; On                 ; On                 ;
; Parallel Synthesis                                                         ; On                 ; On                 ;
; DSP Block Balancing                                                        ; Auto               ; Auto               ;
; NOT Gate Push-Back                                                         ; On                 ; On                 ;
; Power-Up Don't Care                                                        ; On                 ; On                 ;
; Remove Redundant Logic Cells                                               ; Off                ; Off                ;
; Remove Duplicate Registers                                                 ; On                 ; On                 ;
; Ignore CARRY Buffers                                                       ; Off                ; Off                ;
; Ignore CASCADE Buffers                                                     ; Off                ; Off                ;
; Ignore GLOBAL Buffers                                                      ; Off                ; Off                ;
; Ignore ROW GLOBAL Buffers                                                  ; Off                ; Off                ;
; Ignore LCELL Buffers                                                       ; Off                ; Off                ;
; Ignore SOFT Buffers                                                        ; On                 ; On                 ;
; Limit AHDL Integers to 32 Bits                                             ; Off                ; Off                ;
; Optimization Technique                                                     ; Balanced           ; Balanced           ;
; Carry Chain Length                                                         ; 70                 ; 70                 ;
; Auto Carry Chains                                                          ; On                 ; On                 ;
; Auto Open-Drain Pins                                                       ; On                 ; On                 ;
; Perform WYSIWYG Primitive Resynthesis                                      ; Off                ; Off                ;
; Auto ROM Replacement                                                       ; On                 ; On                 ;
; Auto RAM Replacement                                                       ; On                 ; On                 ;
; Auto DSP Block Replacement                                                 ; On                 ; On                 ;
; Auto Shift Register Replacement                                            ; Auto               ; Auto               ;
; Allow Shift Register Merging across Hierarchies                            ; Auto               ; Auto               ;
; Auto Clock Enable Replacement                                              ; On                 ; On                 ;
; Strict RAM Replacement                                                     ; Off                ; Off                ;
; Allow Synchronous Control Signals                                          ; On                 ; On                 ;
; Force Use of Synchronous Clear Signals                                     ; Off                ; Off                ;
; Auto RAM Block Balancing                                                   ; On                 ; On                 ;
; Auto RAM to Logic Cell Conversion                                          ; Off                ; Off                ;
; Auto Resource Sharing                                                      ; Off                ; Off                ;
; Allow Any RAM Size For Recognition                                         ; Off                ; Off                ;
; Allow Any ROM Size For Recognition                                         ; Off                ; Off                ;
; Allow Any Shift Register Size For Recognition                              ; Off                ; Off                ;
; Use LogicLock Constraints during Resource Balancing                        ; On                 ; On                 ;
; Ignore translate_off and synthesis_off directives                          ; Off                ; Off                ;
; Timing-Driven Synthesis                                                    ; On                 ; On                 ;
; Report Parameter Settings                                                  ; On                 ; On                 ;
; Report Source Assignments                                                  ; On                 ; On                 ;
; Report Connectivity Checks                                                 ; On                 ; On                 ;
; Ignore Maximum Fan-Out Assignments                                         ; Off                ; Off                ;
; Synchronization Register Chain Length                                      ; 2                  ; 2                  ;
; PowerPlay Power Optimization                                               ; Normal compilation ; Normal compilation ;
; HDL message level                                                          ; Level2             ; Level2             ;
; Suppress Register Optimization Related Messages                            ; Off                ; Off                ;
; Number of Removed Registers Reported in Synthesis Report                   ; 5000               ; 5000               ;
; Number of Swept Nodes Reported in Synthesis Report                         ; 5000               ; 5000               ;
; Number of Inverted Registers Reported in Synthesis Report                  ; 100                ; 100                ;
; Clock MUX Protection                                                       ; On                 ; On                 ;
; Auto Gated Clock Conversion                                                ; Off                ; Off                ;
; Block Design Naming                                                        ; Auto               ; Auto               ;
; SDC constraint protection                                                  ; Off                ; Off                ;
; Synthesis Effort                                                           ; Auto               ; Auto               ;
; Shift Register Replacement - Allow Asynchronous Clear Signal               ; On                 ; On                 ;
; Pre-Mapping Resynthesis Optimization                                       ; Off                ; Off                ;
; Analysis & Synthesis Message Level                                         ; Medium             ; Medium             ;
; Disable Register Merging Across Hierarchies                                ; Auto               ; Auto               ;
; Resource Aware Inference For Block RAM                                     ; On                 ; On                 ;
; Synthesis Seed                                                             ; 1                  ; 1                  ;
+----------------------------------------------------------------------------+--------------------+--------------------+


Parallel compilation was disabled, but you have multiple processors available. Enable parallel compilation to reduce compilation time.
+-------------------------------------+
; Parallel Compilation                ;
+----------------------------+--------+
; Processors                 ; Number ;
+----------------------------+--------+
; Number detected on machine ; 8      ;
; Maximum allowed            ; 1      ;
+----------------------------+--------+


+-----------------------------------------------------------------------------------------------------------------------------------------------------------------------------------------------+
; Analysis & Synthesis Source Files Read                                                                                                                                                        ;
+----------------------------------+-----------------+------------------------------------+-------------------------------------------------------------------------------------------+---------+
; File Name with User-Entered Path ; Used in Netlist ; File Type                          ; File Name with Absolute Path                                                              ; Library ;
+----------------------------------+-----------------+------------------------------------+-------------------------------------------------------------------------------------------+---------+
; GeneradorQ3.bdf                  ; yes             ; User Block Diagram/Schematic File  ; C:/Users/Joaco/Desktop/IDL/TPEntregables/Entregable4/TPEntregable4/GeneradorQ3.bdf        ;         ;
; GeneradorQ2.bdf                  ; yes             ; User Block Diagram/Schematic File  ; C:/Users/Joaco/Desktop/IDL/TPEntregables/Entregable4/TPEntregable4/GeneradorQ2.bdf        ;         ;
; GeneradorQ1.bdf                  ; yes             ; User Block Diagram/Schematic File  ; C:/Users/Joaco/Desktop/IDL/TPEntregables/Entregable4/TPEntregable4/GeneradorQ1.bdf        ;         ;
; GeneradorQ0.bdf                  ; yes             ; User Block Diagram/Schematic File  ; C:/Users/Joaco/Desktop/IDL/TPEntregables/Entregable4/TPEntregable4/GeneradorQ0.bdf        ;         ;
; Sincronizador4bits.bdf           ; yes             ; User Block Diagram/Schematic File  ; C:/Users/Joaco/Desktop/IDL/TPEntregables/Entregable4/TPEntregable4/Sincronizador4bits.bdf ;         ;
; GeneradorSalidas.bdf             ; yes             ; User Block Diagram/Schematic File  ; C:/Users/Joaco/Desktop/IDL/TPEntregables/Entregable4/TPEntregable4/GeneradorSalidas.bdf   ;         ;
; GeneradorEstado.bdf              ; yes             ; User Block Diagram/Schematic File  ; C:/Users/Joaco/Desktop/IDL/TPEntregables/Entregable4/TPEntregable4/GeneradorEstado.bdf    ;         ;
; VerdeAbajo.bdf                   ; yes             ; User Block Diagram/Schematic File  ; C:/Users/Joaco/Desktop/IDL/TPEntregables/Entregable4/TPEntregable4/VerdeAbajo.bdf         ;         ;
; VerdeIzquierda.bdf               ; yes             ; User Block Diagram/Schematic File  ; C:/Users/Joaco/Desktop/IDL/TPEntregables/Entregable4/TPEntregable4/VerdeIzquierda.bdf     ;         ;
; VerdeDerecha.bdf                 ; yes             ; User Block Diagram/Schematic File  ; C:/Users/Joaco/Desktop/IDL/TPEntregables/Entregable4/TPEntregable4/VerdeDerecha.bdf       ;         ;
; AmarilloAbajo.bdf                ; yes             ; User Block Diagram/Schematic File  ; C:/Users/Joaco/Desktop/IDL/TPEntregables/Entregable4/TPEntregable4/AmarilloAbajo.bdf      ;         ;
; AmarilloIzquierda.bdf            ; yes             ; User Block Diagram/Schematic File  ; C:/Users/Joaco/Desktop/IDL/TPEntregables/Entregable4/TPEntregable4/AmarilloIzquierda.bdf  ;         ;
; AmarilloDerecha.bdf              ; yes             ; User Block Diagram/Schematic File  ; C:/Users/Joaco/Desktop/IDL/TPEntregables/Entregable4/TPEntregable4/AmarilloDerecha.bdf    ;         ;
; RojoAbajo.bdf                    ; yes             ; User Block Diagram/Schematic File  ; C:/Users/Joaco/Desktop/IDL/TPEntregables/Entregable4/TPEntregable4/RojoAbajo.bdf          ;         ;
; RojoIzquierda.bdf                ; yes             ; User Block Diagram/Schematic File  ; C:/Users/Joaco/Desktop/IDL/TPEntregables/Entregable4/TPEntregable4/RojoIzquierda.bdf      ;         ;
; RojoDerecha.bdf                  ; yes             ; User Block Diagram/Schematic File  ; C:/Users/Joaco/Desktop/IDL/TPEntregables/Entregable4/TPEntregable4/RojoDerecha.bdf        ;         ;
; MaquinaMoore.bdf                 ; yes             ; User Block Diagram/Schematic File  ; C:/Users/Joaco/Desktop/IDL/TPEntregables/Entregable4/TPEntregable4/MaquinaMoore.bdf       ;         ;
+----------------------------------+-----------------+------------------------------------+-------------------------------------------------------------------------------------------+---------+


+-----------------------------------------------------------+
; Analysis & Synthesis Resource Usage Summary               ;
+--------------------------+--------------------------------+
; Resource                 ; Usage                          ;
+--------------------------+--------------------------------+
; I/O pins                 ; 12                             ;
; DSP block 9-bit elements ; 0                              ;
; Maximum fan-out node     ; Sincronizador4bits:inst4|inst4 ;
; Maximum fan-out          ; 11                             ;
; Total fan-out            ; 71                             ;
; Average fan-out          ; 1.77                           ;
+--------------------------+--------------------------------+


+-----------------------------------------------------------------------------------------------------------------------------------------------------------------------------------------------------------------------------------+
; Analysis & Synthesis Resource Utilization by Entity                                                                                                                                                                               ;
+-------------------------------+-------------------+--------------+-------------+--------------+---------+-----------+-----------+------+--------------+------------------------------------------------------------+--------------+
; Compilation Hierarchy Node    ; LC Combinationals ; LC Registers ; Memory Bits ; DSP Elements ; DSP 9x9 ; DSP 18x18 ; DSP 36x36 ; Pins ; Virtual Pins ; Full Hierarchy Name                                        ; Library Name ;
+-------------------------------+-------------------+--------------+-------------+--------------+---------+-----------+-----------+------+--------------+------------------------------------------------------------+--------------+
; |MaquinaMoore                 ; 12 (0)            ; 4 (0)        ; 0           ; 0            ; 0       ; 0         ; 0         ; 12   ; 0            ; |MaquinaMoore                                              ; work         ;
;    |GeneradorEstado:inst|     ; 4 (0)             ; 0 (0)        ; 0           ; 0            ; 0       ; 0         ; 0         ; 0    ; 0            ; |MaquinaMoore|GeneradorEstado:inst                         ; work         ;
;       |GeneradorQ0:inst4|     ; 2 (2)             ; 0 (0)        ; 0           ; 0            ; 0       ; 0         ; 0         ; 0    ; 0            ; |MaquinaMoore|GeneradorEstado:inst|GeneradorQ0:inst4       ; work         ;
;       |GeneradorQ1:inst3|     ; 2 (2)             ; 0 (0)        ; 0           ; 0            ; 0       ; 0         ; 0         ; 0    ; 0            ; |MaquinaMoore|GeneradorEstado:inst|GeneradorQ1:inst3       ; work         ;
;    |GeneradorSalidas:inst2|   ; 8 (0)             ; 0 (0)        ; 0           ; 0            ; 0       ; 0         ; 0         ; 0    ; 0            ; |MaquinaMoore|GeneradorSalidas:inst2                       ; work         ;
;       |AmarilloAbajo:inst6|   ; 1 (1)             ; 0 (0)        ; 0           ; 0            ; 0       ; 0         ; 0         ; 0    ; 0            ; |MaquinaMoore|GeneradorSalidas:inst2|AmarilloAbajo:inst6   ; work         ;
;       |AmarilloDerecha:inst9| ; 1 (1)             ; 0 (0)        ; 0           ; 0            ; 0       ; 0         ; 0         ; 0    ; 0            ; |MaquinaMoore|GeneradorSalidas:inst2|AmarilloDerecha:inst9 ; work         ;
;       |RojoAbajo:inst11|      ; 2 (2)             ; 0 (0)        ; 0           ; 0            ; 0       ; 0         ; 0         ; 0    ; 0            ; |MaquinaMoore|GeneradorSalidas:inst2|RojoAbajo:inst11      ; work         ;
;       |RojoIzquierda:inst13|  ; 1 (1)             ; 0 (0)        ; 0           ; 0            ; 0       ; 0         ; 0         ; 0    ; 0            ; |MaquinaMoore|GeneradorSalidas:inst2|RojoIzquierda:inst13  ; work         ;
;       |VerdeAbajo:inst|       ; 1 (1)             ; 0 (0)        ; 0           ; 0            ; 0       ; 0         ; 0         ; 0    ; 0            ; |MaquinaMoore|GeneradorSalidas:inst2|VerdeAbajo:inst       ; work         ;
;       |VerdeDerecha:inst3|    ; 1 (1)             ; 0 (0)        ; 0           ; 0            ; 0       ; 0         ; 0         ; 0    ; 0            ; |MaquinaMoore|GeneradorSalidas:inst2|VerdeDerecha:inst3    ; work         ;
;       |VerdeIzquierda:inst4|  ; 1 (1)             ; 0 (0)        ; 0           ; 0            ; 0       ; 0         ; 0         ; 0    ; 0            ; |MaquinaMoore|GeneradorSalidas:inst2|VerdeIzquierda:inst4  ; work         ;
;    |Sincronizador4bits:inst4| ; 0 (0)             ; 4 (4)        ; 0           ; 0            ; 0       ; 0         ; 0         ; 0    ; 0            ; |MaquinaMoore|Sincronizador4bits:inst4                     ; work         ;
+-------------------------------+-------------------+--------------+-------------+--------------+---------+-----------+-----------+------+--------------+------------------------------------------------------------+--------------+
Note: For table entries with two numbers listed, the numbers in parentheses indicate the number of resources of the given type used by the specific entity alone. The numbers listed outside of parentheses indicate the total resources of the given type used by the specific entity and all of its sub-entities in the hierarchy.


+------------------------------------------------------+
; General Register Statistics                          ;
+----------------------------------------------+-------+
; Statistic                                    ; Value ;
+----------------------------------------------+-------+
; Total registers                              ; 4     ;
; Number of registers using Synchronous Clear  ; 0     ;
; Number of registers using Synchronous Load   ; 0     ;
; Number of registers using Asynchronous Clear ; 0     ;
; Number of registers using Asynchronous Load  ; 0     ;
; Number of registers using Clock Enable       ; 0     ;
; Number of registers using Preset             ; 0     ;
+----------------------------------------------+-------+


+-------------------------------+
; Elapsed Time Per Partition    ;
+----------------+--------------+
; Partition Name ; Elapsed Time ;
+----------------+--------------+
; Top            ; 00:00:00     ;
+----------------+--------------+


+-------------------------------+
; Analysis & Synthesis Messages ;
+-------------------------------+
Info: *******************************************************************
Info: Running Quartus II 64-Bit Analysis & Synthesis
    Info: Version 13.1.0 Build 162 10/23/2013 SJ Web Edition
    Info: Processing started: Mon Jul 03 11:36:19 2023
Info: Command: quartus_map --read_settings_files=on --write_settings_files=off Proyecto4 -c Proyecto4
Warning (20028): Parallel compilation is not licensed and has been disabled
Info (12021): Found 1 design units, including 1 entities, in source file generadorq3.bdf
    Info (12023): Found entity 1: GeneradorQ3
Info (12021): Found 1 design units, including 1 entities, in source file generadorq2.bdf
    Info (12023): Found entity 1: GeneradorQ2
Info (12021): Found 1 design units, including 1 entities, in source file generadorq1.bdf
    Info (12023): Found entity 1: GeneradorQ1
Info (12021): Found 1 design units, including 1 entities, in source file generadorq0.bdf
    Info (12023): Found entity 1: GeneradorQ0
Info (12021): Found 1 design units, including 1 entities, in source file sincronizador4bits.bdf
    Info (12023): Found entity 1: Sincronizador4bits
Info (12021): Found 1 design units, including 1 entities, in source file generadorsalidas.bdf
    Info (12023): Found entity 1: GeneradorSalidas
Info (12021): Found 1 design units, including 1 entities, in source file generadorestado.bdf
    Info (12023): Found entity 1: GeneradorEstado
Info (12021): Found 1 design units, including 1 entities, in source file verdeabajo.bdf
    Info (12023): Found entity 1: VerdeAbajo
Info (12021): Found 1 design units, including 1 entities, in source file verdeizquierda.bdf
    Info (12023): Found entity 1: VerdeIzquierda
Info (12021): Found 1 design units, including 1 entities, in source file verdederecha.bdf
    Info (12023): Found entity 1: VerdeDerecha
Info (12021): Found 1 design units, including 1 entities, in source file amarilloabajo.bdf
    Info (12023): Found entity 1: AmarilloAbajo
Info (12021): Found 1 design units, including 1 entities, in source file amarilloizquierda.bdf
    Info (12023): Found entity 1: AmarilloIzquierda
Info (12021): Found 1 design units, including 1 entities, in source file amarilloderecha.bdf
    Info (12023): Found entity 1: AmarilloDerecha
Info (12021): Found 1 design units, including 1 entities, in source file rojoabajo.bdf
    Info (12023): Found entity 1: RojoAbajo
Info (12021): Found 1 design units, including 1 entities, in source file rojoizquierda.bdf
    Info (12023): Found entity 1: RojoIzquierda
Info (12021): Found 1 design units, including 1 entities, in source file rojoderecha.bdf
    Info (12023): Found entity 1: RojoDerecha
Info (12021): Found 1 design units, including 1 entities, in source file maquinamoore.bdf
    Info (12023): Found entity 1: MaquinaMoore
Info (12127): Elaborating entity "MaquinaMoore" for the top level hierarchy
Info (12128): Elaborating entity "GeneradorSalidas" for hierarchy "GeneradorSalidas:inst2"
Info (12128): Elaborating entity "VerdeAbajo" for hierarchy "GeneradorSalidas:inst2|VerdeAbajo:inst"
Info (12128): Elaborating entity "VerdeIzquierda" for hierarchy "GeneradorSalidas:inst2|VerdeIzquierda:inst4"
Warning (275008): Primitive "AND2" of instance "inst5" not used
Info (12128): Elaborating entity "VerdeDerecha" for hierarchy "GeneradorSalidas:inst2|VerdeDerecha:inst3"
Info (12128): Elaborating entity "AmarilloAbajo" for hierarchy "GeneradorSalidas:inst2|AmarilloAbajo:inst6"
Info (12128): Elaborating entity "AmarilloIzquierda" for hierarchy "GeneradorSalidas:inst2|AmarilloIzquierda:inst7"
Info (12128): Elaborating entity "AmarilloDerecha" for hierarchy "GeneradorSalidas:inst2|AmarilloDerecha:inst9"
Info (12128): Elaborating entity "RojoAbajo" for hierarchy "GeneradorSalidas:inst2|RojoAbajo:inst11"
Info (12128): Elaborating entity "RojoIzquierda" for hierarchy "GeneradorSalidas:inst2|RojoIzquierda:inst13"
Info (12128): Elaborating entity "RojoDerecha" for hierarchy "GeneradorSalidas:inst2|RojoDerecha:inst14"
Info (12128): Elaborating entity "Sincronizador4bits" for hierarchy "Sincronizador4bits:inst4"
Info (12128): Elaborating entity "GeneradorEstado" for hierarchy "GeneradorEstado:inst"
Info (12128): Elaborating entity "GeneradorQ2" for hierarchy "GeneradorEstado:inst|GeneradorQ2:inst2"
Info (12128): Elaborating entity "GeneradorQ3" for hierarchy "GeneradorEstado:inst|GeneradorQ3:inst"
Info (12128): Elaborating entity "GeneradorQ1" for hierarchy "GeneradorEstado:inst|GeneradorQ1:inst3"
Info (12128): Elaborating entity "GeneradorQ0" for hierarchy "GeneradorEstado:inst|GeneradorQ0:inst4"
Info (286030): Timing-Driven Synthesis is running
Info (16010): Generating hard_block partition "hard_block:auto_generated_inst"
    Info (16011): Adding 0 node(s), including 0 DDIO, 0 PLL, 0 transceiver and 0 LCELL
Info (21057): Implemented 26 device resources after synthesis - the final resource count might be different
    Info (21058): Implemented 3 input pins
    Info (21059): Implemented 9 output pins
    Info (21061): Implemented 14 logic cells
Info: Quartus II 64-Bit Analysis & Synthesis was successful. 0 errors, 2 warnings
    Info: Peak virtual memory: 4673 megabytes
    Info: Processing ended: Mon Jul 03 11:36:21 2023
    Info: Elapsed time: 00:00:02
    Info: Total CPU time (on all processors): 00:00:01


