
								página: 1 

 Listado Fuente: EJ8.LST
 Programa Fuente en: EJ8.ASM
 Fecha: Wed Apr 06 18:40:58 2022

  Dir. Codigo maquina	 Linea 	 Codigo en lenguaje ensamble

			      1	;memoria datos
			      2		ORG 	1000H
 1000 03		      3	NUM0	DB	3
 1001 01		      4	NUM1	DB	1
			      5	;memoria instrucciones
			      6	;subrutinas
			      7		ORG	3000H
 3000 02 C0		      8	ROTARIZ:ADD 	AL, AL
 3002 80 D0 00		      9		ADC	AL, 0
 3005 FE C9		     10		DEC	CL
 3007 75 F7		     11		JNZ	ROTARIZ
 3009 C3		     12		RET
			     13	;prog principal
			     14		ORG 	2000H	
 2000 8A 06 00 10	     15		MOV	AL, NUM0
 2004 8A 0E 01 10	     16		MOV	CL, NUM1
 2008 E8 00 30		     17		CALL	ROTARIZ
 200B F4		     18		HLT
			     19		END


 S I M B O L O S:

 Nombre:	Tipo:		Valor:

 NUM0    	Mem. Byte	1000h
 NUM1    	Mem. Byte	1001h
 ROTARIZ 	Etiqueta	3000h